# JRE version: OpenJDK Runtime Environment Temurin-17.0.12+7 (17.0.12+7) (build 17.0.12+7)
# Java VM: OpenJDK 64-Bit Server VM Temurin-17.0.12+7 (17.0.12+7, mixed mode, tiered, compressed oops, compressed class ptrs, parallel gc, windows-amd64)
GC Precious Log:
 CPUs: 12 total, 12 available
 Memory: 16293M
 Large Page Support: Disabled
 NUMA Support: Disabled
 Compressed Oops: Enabled (32-bit)
 Alignments: Space 512K, Generation 512K, Heap 2M
 Heap Min Capacity: 100M
 Heap Initial Capacity: 100M
 Heap Max Capacity: 1G
 Pre-touch: Disabled
 Parallel Workers: 10
Heap:
 PSYoungGen      total 3072K, used 2762K [0x00000000eab00000, 0x00000000eb180000, 0x0000000100000000)
  eden space 2048K, 94% used [0x00000000eab00000,0x00000000eace2a30,0x00000000ead00000)
  from space 1024K, 81% used [0x00000000eb000000,0x00000000eb0d0000,0x00000000eb100000)
  to   space 512K, 0% used [0x00000000eb100000,0x00000000eb100000,0x00000000eb180000)
 ParOldGen       total 320000K, used 292688K [0x00000000c0000000, 0x00000000d3880000, 0x00000000eab00000)
  object space 320000K, 91% used [0x00000000c0000000,0x00000000d1dd4148,0x00000000d3880000)
 Metaspace       used 84428K, committed 85760K, reserved 1179648K
  class space    used 8812K, committed 9408K, reserved 1048576K
GC Heap History (20 events):
Event: 1729.212 GC heap before
{Heap before GC invocations=347 (full 15):
 PSYoungGen      total 6144K, used 5827K [0x00000000eab00000, 0x00000000eb700000, 0x0000000100000000)
  eden space 2048K, 100% used [0x00000000eab00000,0x00000000ead00000,0x00000000ead00000)
  from space 4096K, 92% used [0x00000000ead00000,0x00000000eb0b0fc0,0x00000000eb100000)
  to   space 5120K, 0% used [0x00000000eb200000,0x00000000eb200000,0x00000000eb700000)
 ParOldGen       total 320000K, used 290682K [0x00000000c0000000, 0x00000000d3880000, 0x00000000eab00000)
  object space 320000K, 90% used [0x00000000c0000000,0x00000000d1bde848,0x00000000d3880000)
 Metaspace       used 82892K, committed 84224K, reserved 1179648K
  class space    used 8645K, committed 9216K, reserved 1048576K
}
Event: 1729.214 GC heap after
{Heap after GC invocations=347 (full 15):
 PSYoungGen      total 3072K, used 960K [0x00000000eab00000, 0x00000000eb300000, 0x0000000100000000)
  eden space 2048K, 0% used [0x00000000eab00000,0x00000000eab00000,0x00000000ead00000)
  from space 1024K, 93% used [0x00000000eb200000,0x00000000eb2f0000,0x00000000eb300000)
  to   space 2560K, 0% used [0x00000000eae00000,0x00000000eae00000,0x00000000eb080000)
 ParOldGen       total 320000K, used 290982K [0x00000000c0000000, 0x00000000d3880000, 0x00000000eab00000)
  object space 320000K, 90% used [0x00000000c0000000,0x00000000d1c29960,0x00000000d3880000)
 Metaspace       used 82892K, committed 84224K, reserved 1179648K
  class space    used 8645K, committed 9216K, reserved 1048576K
}
Event: 1729.238 GC heap before
{Heap before GC invocations=348 (full 15):
 PSYoungGen      total 3072K, used 2979K [0x00000000eab00000, 0x00000000eb300000, 0x0000000100000000)
  eden space 2048K, 98% used [0x00000000eab00000,0x00000000eacf8c20,0x00000000ead00000)
  from space 1024K, 93% used [0x00000000eb200000,0x00000000eb2f0000,0x00000000eb300000)
  to   space 2560K, 0% used [0x00000000eae00000,0x00000000eae00000,0x00000000eb080000)
 ParOldGen       total 320000K, used 290982K [0x00000000c0000000, 0x00000000d3880000, 0x00000000eab00000)
  object space 320000K, 90% used [0x00000000c0000000,0x00000000d1c29960,0x00000000d3880000)
 Metaspace       used 83095K, committed 84480K, reserved 1179648K
  class space    used 8658K, committed 9280K, reserved 1048576K
}
Event: 1729.240 GC heap after
{Heap after GC invocations=348 (full 15):
 PSYoungGen      total 4608K, used 416K [0x00000000eab00000, 0x00000000eb280000, 0x0000000100000000)
  eden space 2048K, 0% used [0x00000000eab00000,0x00000000eab00000,0x00000000ead00000)
  from space 2560K, 16% used [0x00000000eae00000,0x00000000eae68000,0x00000000eb080000)
  to   space 1024K, 0% used [0x00000000eb180000,0x00000000eb180000,0x00000000eb280000)
 ParOldGen       total 320000K, used 291543K [0x00000000c0000000, 0x00000000d3880000, 0x00000000eab00000)
  object space 320000K, 91% used [0x00000000c0000000,0x00000000d1cb5c98,0x00000000d3880000)
 Metaspace       used 83095K, committed 84480K, reserved 1179648K
  class space    used 8658K, committed 9280K, reserved 1048576K
}
Event: 1729.261 GC heap before
{Heap before GC invocations=349 (full 15):
 PSYoungGen      total 4608K, used 2464K [0x00000000eab00000, 0x00000000eb280000, 0x0000000100000000)
  eden space 2048K, 100% used [0x00000000eab00000,0x00000000ead00000,0x00000000ead00000)
  from space 2560K, 16% used [0x00000000eae00000,0x00000000eae68000,0x00000000eb080000)
  to   space 1024K, 0% used [0x00000000eb180000,0x00000000eb180000,0x00000000eb280000)
 ParOldGen       total 320000K, used 291543K [0x00000000c0000000, 0x00000000d3880000, 0x00000000eab00000)
  object space 320000K, 91% used [0x00000000c0000000,0x00000000d1cb5c98,0x00000000d3880000)
 Metaspace       used 83343K, committed 84672K, reserved 1179648K
  class space    used 8683K, committed 9280K, reserved 1048576K
}
Event: 1729.262 GC heap after
{Heap after GC invocations=349 (full 15):
 PSYoungGen      total 2560K, used 320K [0x00000000eab00000, 0x00000000eb200000, 0x0000000100000000)
  eden space 2048K, 0% used [0x00000000eab00000,0x00000000eab00000,0x00000000ead00000)
  from space 512K, 62% used [0x00000000eb180000,0x00000000eb1d0000,0x00000000eb200000)
  to   space 512K, 0% used [0x00000000eb100000,0x00000000eb100000,0x00000000eb180000)
 ParOldGen       total 320000K, used 291855K [0x00000000c0000000, 0x00000000d3880000, 0x00000000eab00000)
  object space 320000K, 91% used [0x00000000c0000000,0x00000000d1d03c98,0x00000000d3880000)
 Metaspace       used 83343K, committed 84672K, reserved 1179648K
  class space    used 8683K, committed 9280K, reserved 1048576K
}
Event: 1729.279 GC heap before
{Heap before GC invocations=350 (full 15):
 PSYoungGen      total 2560K, used 2367K [0x00000000eab00000, 0x00000000eb200000, 0x0000000100000000)
  eden space 2048K, 99% used [0x00000000eab00000,0x00000000eacfffe8,0x00000000ead00000)
  from space 512K, 62% used [0x00000000eb180000,0x00000000eb1d0000,0x00000000eb200000)
  to   space 512K, 0% used [0x00000000eb100000,0x00000000eb100000,0x00000000eb180000)
 ParOldGen       total 320000K, used 291855K [0x00000000c0000000, 0x00000000d3880000, 0x00000000eab00000)
  object space 320000K, 91% used [0x00000000c0000000,0x00000000d1d03c98,0x00000000d3880000)
 Metaspace       used 83655K, committed 84992K, reserved 1179648K
  class space    used 8723K, committed 9344K, reserved 1048576K
}
Event: 1729.280 GC heap after
{Heap after GC invocations=350 (full 15):
 PSYoungGen      total 2560K, used 319K [0x00000000eab00000, 0x00000000eb200000, 0x0000000100000000)
  eden space 2048K, 0% used [0x00000000eab00000,0x00000000eab00000,0x00000000ead00000)
  from space 512K, 62% used [0x00000000eb100000,0x00000000eb14fc48,0x00000000eb180000)
  to   space 512K, 0% used [0x00000000eb180000,0x00000000eb180000,0x00000000eb200000)
 ParOldGen       total 320000K, used 291855K [0x00000000c0000000, 0x00000000d3880000, 0x00000000eab00000)
  object space 320000K, 91% used [0x00000000c0000000,0x00000000d1d03c98,0x00000000d3880000)
 Metaspace       used 83655K, committed 84992K, reserved 1179648K
  class space    used 8723K, committed 9344K, reserved 1048576K
}
Event: 1729.293 GC heap before
{Heap before GC invocations=351 (full 15):
 PSYoungGen      total 2560K, used 2367K [0x00000000eab00000, 0x00000000eb200000, 0x0000000100000000)
  eden space 2048K, 100% used [0x00000000eab00000,0x00000000ead00000,0x00000000ead00000)
  from space 512K, 62% used [0x00000000eb100000,0x00000000eb14fc48,0x00000000eb180000)
  to   space 512K, 0% used [0x00000000eb180000,0x00000000eb180000,0x00000000eb200000)
 ParOldGen       total 320000K, used 291855K [0x00000000c0000000, 0x00000000d3880000, 0x00000000eab00000)
  object space 320000K, 91% used [0x00000000c0000000,0x00000000d1d03c98,0x00000000d3880000)
 Metaspace       used 83835K, committed 85184K, reserved 1179648K
  class space    used 8760K, committed 9344K, reserved 1048576K
}
Event: 1729.294 GC heap after
{Heap after GC invocations=351 (full 15):
 PSYoungGen      total 2560K, used 511K [0x00000000eab00000, 0x00000000eb200000, 0x0000000100000000)
  eden space 2048K, 0% used [0x00000000eab00000,0x00000000eab00000,0x00000000ead00000)
  from space 512K, 99% used [0x00000000eb180000,0x00000000eb1ffc58,0x00000000eb200000)
  to   space 1024K, 0% used [0x00000000eb000000,0x00000000eb000000,0x00000000eb100000)
 ParOldGen       total 320000K, used 291871K [0x00000000c0000000, 0x00000000d3880000, 0x00000000eab00000)
  object space 320000K, 91% used [0x00000000c0000000,0x00000000d1d07c98,0x00000000d3880000)
 Metaspace       used 83835K, committed 85184K, reserved 1179648K
  class space    used 8760K, committed 9344K, reserved 1048576K
}
Event: 1729.332 GC heap before
{Heap before GC invocations=352 (full 15):
 PSYoungGen      total 2560K, used 2559K [0x00000000eab00000, 0x00000000eb200000, 0x0000000100000000)
  eden space 2048K, 100% used [0x00000000eab00000,0x00000000ead00000,0x00000000ead00000)
  from space 512K, 99% used [0x00000000eb180000,0x00000000eb1ffc58,0x00000000eb200000)
  to   space 1024K, 0% used [0x00000000eb000000,0x00000000eb000000,0x00000000eb100000)
 ParOldGen       total 320000K, used 291871K [0x00000000c0000000, 0x00000000d3880000, 0x00000000eab00000)
  object space 320000K, 91% used [0x00000000c0000000,0x00000000d1d07c98,0x00000000d3880000)
 Metaspace       used 84177K, committed 85504K, reserved 1179648K
  class space    used 8801K, committed 9408K, reserved 1048576K
}
Event: 1729.333 GC heap after
{Heap after GC invocations=352 (full 15):
 PSYoungGen      total 3072K, used 480K [0x00000000eab00000, 0x00000000eb200000, 0x0000000100000000)
  eden space 2048K, 0% used [0x00000000eab00000,0x00000000eab00000,0x00000000ead00000)
  from space 1024K, 46% used [0x00000000eb000000,0x00000000eb078000,0x00000000eb100000)
  to   space 512K, 0% used [0x00000000eb180000,0x00000000eb180000,0x00000000eb200000)
 ParOldGen       total 320000K, used 291975K [0x00000000c0000000, 0x00000000d3880000, 0x00000000eab00000)
  object space 320000K, 91% used [0x00000000c0000000,0x00000000d1d21c98,0x00000000d3880000)
 Metaspace       used 84177K, committed 85504K, reserved 1179648K
  class space    used 8801K, committed 9408K, reserved 1048576K
}
Event: 1729.353 GC heap before
{Heap before GC invocations=353 (full 15):
 PSYoungGen      total 3072K, used 2528K [0x00000000eab00000, 0x00000000eb200000, 0x0000000100000000)
  eden space 2048K, 100% used [0x00000000eab00000,0x00000000ead00000,0x00000000ead00000)
  from space 1024K, 46% used [0x00000000eb000000,0x00000000eb078000,0x00000000eb100000)
  to   space 512K, 0% used [0x00000000eb180000,0x00000000eb180000,0x00000000eb200000)
 ParOldGen       total 320000K, used 291975K [0x00000000c0000000, 0x00000000d3880000, 0x00000000eab00000)
  object space 320000K, 91% used [0x00000000c0000000,0x00000000d1d21c98,0x00000000d3880000)
 Metaspace       used 84358K, committed 85696K, reserved 1179648K
  class space    used 8811K, committed 9408K, reserved 1048576K
}
Event: 1729.354 GC heap after
{Heap after GC invocations=353 (full 15):
 PSYoungGen      total 2560K, used 500K [0x00000000eab00000, 0x00000000eb200000, 0x0000000100000000)
  eden space 2048K, 0% used [0x00000000eab00000,0x00000000eab00000,0x00000000ead00000)
  from space 512K, 97% used [0x00000000eb180000,0x00000000eb1fd220,0x00000000eb200000)
  to   space 1024K, 0% used [0x00000000eb000000,0x00000000eb000000,0x00000000eb100000)
 ParOldGen       total 320000K, used 292155K [0x00000000c0000000, 0x00000000d3880000, 0x00000000eab00000)
  object space 320000K, 91% used [0x00000000c0000000,0x00000000d1d4ec88,0x00000000d3880000)
 Metaspace       used 84358K, committed 85696K, reserved 1179648K
  class space    used 8811K, committed 9408K, reserved 1048576K
}
Event: 1729.358 GC heap before
{Heap before GC invocations=354 (full 15):
 PSYoungGen      total 2560K, used 2548K [0x00000000eab00000, 0x00000000eb200000, 0x0000000100000000)
  eden space 2048K, 100% used [0x00000000eab00000,0x00000000ead00000,0x00000000ead00000)
  from space 512K, 97% used [0x00000000eb180000,0x00000000eb1fd220,0x00000000eb200000)
  to   space 1024K, 0% used [0x00000000eb000000,0x00000000eb000000,0x00000000eb100000)
 ParOldGen       total 320000K, used 292155K [0x00000000c0000000, 0x00000000d3880000, 0x00000000eab00000)
  object space 320000K, 91% used [0x00000000c0000000,0x00000000d1d4ec88,0x00000000d3880000)
 Metaspace       used 84358K, committed 85696K, reserved 1179648K
  class space    used 8811K, committed 9408K, reserved 1048576K
}
Event: 1729.359 GC heap after
{Heap after GC invocations=354 (full 15):
 PSYoungGen      total 3072K, used 724K [0x00000000eab00000, 0x00000000eb200000, 0x0000000100000000)
  eden space 2048K, 0% used [0x00000000eab00000,0x00000000eab00000,0x00000000ead00000)
  from space 1024K, 70% used [0x00000000eb000000,0x00000000eb0b5220,0x00000000eb100000)
  to   space 1024K, 0% used [0x00000000eb100000,0x00000000eb100000,0x00000000eb200000)
 ParOldGen       total 320000K, used 292315K [0x00000000c0000000, 0x00000000d3880000, 0x00000000eab00000)
  object space 320000K, 91% used [0x00000000c0000000,0x00000000d1d76f18,0x00000000d3880000)
 Metaspace       used 84358K, committed 85696K, reserved 1179648K
  class space    used 8811K, committed 9408K, reserved 1048576K
}
Event: 1730.068 GC heap before
{Heap before GC invocations=355 (full 15):
 PSYoungGen      total 3072K, used 2772K [0x00000000eab00000, 0x00000000eb200000, 0x0000000100000000)
  eden space 2048K, 100% used [0x00000000eab00000,0x00000000ead00000,0x00000000ead00000)
  from space 1024K, 70% used [0x00000000eb000000,0x00000000eb0b5220,0x00000000eb100000)
  to   space 1024K, 0% used [0x00000000eb100000,0x00000000eb100000,0x00000000eb200000)
 ParOldGen       total 320000K, used 292315K [0x00000000c0000000, 0x00000000d3880000, 0x00000000eab00000)
  object space 320000K, 91% used [0x00000000c0000000,0x00000000d1d76f18,0x00000000d3880000)
 Metaspace       used 84375K, committed 85696K, reserved 1179648K
  class space    used 8811K, committed 9408K, reserved 1048576K
}
Event: 1730.069 GC heap after
{Heap after GC invocations=355 (full 15):
 PSYoungGen      total 3072K, used 800K [0x00000000eab00000, 0x00000000eb200000, 0x0000000100000000)
  eden space 2048K, 0% used [0x00000000eab00000,0x00000000eab00000,0x00000000ead00000)
  from space 1024K, 78% used [0x00000000eb100000,0x00000000eb1c8000,0x00000000eb200000)
  to   space 1024K, 0% used [0x00000000eb000000,0x00000000eb000000,0x00000000eb100000)
 ParOldGen       total 320000K, used 292688K [0x00000000c0000000, 0x00000000d3880000, 0x00000000eab00000)
  object space 320000K, 91% used [0x00000000c0000000,0x00000000d1dd4148,0x00000000d3880000)
 Metaspace       used 84375K, committed 85696K, reserved 1179648K
  class space    used 8811K, committed 9408K, reserved 1048576K
}
Event: 1730.707 GC heap before
{Heap before GC invocations=356 (full 15):
 PSYoungGen      total 3072K, used 2848K [0x00000000eab00000, 0x00000000eb200000, 0x0000000100000000)
  eden space 2048K, 100% used [0x00000000eab00000,0x00000000ead00000,0x00000000ead00000)
  from space 1024K, 78% used [0x00000000eb100000,0x00000000eb1c8000,0x00000000eb200000)
  to   space 1024K, 0% used [0x00000000eb000000,0x00000000eb000000,0x00000000eb100000)
 ParOldGen       total 320000K, used 292688K [0x00000000c0000000, 0x00000000d3880000, 0x00000000eab00000)
  object space 320000K, 91% used [0x00000000c0000000,0x00000000d1dd4148,0x00000000d3880000)
 Metaspace       used 84405K, committed 85760K, reserved 1179648K
  class space    used 8812K, committed 9408K, reserved 1048576K
}
Event: 1730.708 GC heap after
{Heap after GC invocations=356 (full 15):
 PSYoungGen      total 3072K, used 832K [0x00000000eab00000, 0x00000000eb180000, 0x0000000100000000)
  eden space 2048K, 0% used [0x00000000eab00000,0x00000000eab00000,0x00000000ead00000)
  from space 1024K, 81% used [0x00000000eb000000,0x00000000eb0d0000,0x00000000eb100000)
  to   space 512K, 0% used [0x00000000eb100000,0x00000000eb100000,0x00000000eb180000)
 ParOldGen       total 320000K, used 292688K [0x00000000c0000000, 0x00000000d3880000, 0x00000000eab00000)
  object space 320000K, 91% used [0x00000000c0000000,0x00000000d1dd4148,0x00000000d3880000)
 Metaspace       used 84405K, committed 85760K, reserved 1179648K
  class space    used 8812K, committed 9408K, reserved 1048576K
}

