# JRE version: Java(TM) SE Runtime Environment (22.0.2+9) (build 22.0.2+9-70)
# Java VM: Java HotSpot(TM) 64-Bit Server VM (22.0.2+9-70, mixed mode, sharing, tiered, compressed oops, compressed class ptrs, g1 gc, windows-amd64)
GC Precious Log:
 CardTable entry size: 512
 Card Set container configuration: InlinePtr #cards 4 size 8 Array Of Cards #cards 16 size 48 Howl #buckets 8 coarsen threshold 3686 Howl Bitmap #cards 512 size 80 coarsen threshold 460 Card regions per heap region 1 cards per card region 4096
 CPUs: 12 total, 12 available
 Memory: 16293M
 Large Page Support: Disabled
 NUMA Support: Disabled
 Compressed Oops: Enabled (Zero based)
 Heap Region Size: 2M
 Heap Min Capacity: 8M
 Heap Initial Capacity: 256M
 Heap Max Capacity: 4074M
 Pre-touch: Disabled
 Parallel Workers: 10
 Concurrent Workers: 3
 Concurrent Refinement Workers: 10
 Periodic GC: Disabled
Heap:
 garbage-first heap   total reserved 4171776K, committed 92160K, used 57631K [0x0000000701600000, 0x0000000800000000)
  region size 2048K, 9 young (18432K), 1 survivors (2048K)
 Metaspace       used 84968K, committed 85888K, reserved 1179648K
  class space    used 11533K, committed 11968K, reserved 1048576K
GC Heap History (20 events):
Event: 5.741 GC heap before
{Heap before GC invocations=13 (full 0):
 garbage-first heap   total reserved 4171776K, committed 75776K, used 63803K [0x0000000701600000, 0x0000000800000000)
  region size 2048K, 19 young (38912K), 2 survivors (4096K)
 Metaspace       used 67337K, committed 68032K, reserved 1114112K
  class space    used 9072K, committed 9344K, reserved 1048576K
}
Event: 5.745 GC heap after
{Heap after GC invocations=14 (full 0):
 garbage-first heap   total reserved 4171776K, committed 75776K, used 30739K [0x0000000701600000, 0x0000000800000000)
  region size 2048K, 2 young (4096K), 2 survivors (4096K)
 Metaspace       used 67337K, committed 68032K, reserved 1114112K
  class space    used 9072K, committed 9344K, reserved 1048576K
}
Event: 6.458 GC heap before
{Heap before GC invocations=14 (full 0):
 garbage-first heap   total reserved 4171776K, committed 75776K, used 61459K [0x0000000701600000, 0x0000000800000000)
  region size 2048K, 18 young (36864K), 2 survivors (4096K)
 Metaspace       used 71093K, committed 71872K, reserved 1114112K
  class space    used 9587K, committed 9920K, reserved 1048576K
}
Event: 6.462 GC heap after
{Heap after GC invocations=15 (full 0):
 garbage-first heap   total reserved 4171776K, committed 75776K, used 32917K [0x0000000701600000, 0x0000000800000000)
  region size 2048K, 3 young (6144K), 3 survivors (6144K)
 Metaspace       used 71093K, committed 71872K, reserved 1114112K
  class space    used 9587K, committed 9920K, reserved 1048576K
}
Event: 6.774 GC heap before
{Heap before GC invocations=15 (full 0):
 garbage-first heap   total reserved 4171776K, committed 75776K, used 59541K [0x0000000701600000, 0x0000000800000000)
  region size 2048K, 17 young (34816K), 3 survivors (6144K)
 Metaspace       used 72196K, committed 72960K, reserved 1114112K
  class space    used 9727K, committed 10048K, reserved 1048576K
}
Event: 6.777 GC heap after
{Heap after GC invocations=16 (full 0):
 garbage-first heap   total reserved 4171776K, committed 75776K, used 34760K [0x0000000701600000, 0x0000000800000000)
  region size 2048K, 3 young (6144K), 3 survivors (6144K)
 Metaspace       used 72196K, committed 72960K, reserved 1114112K
  class space    used 9727K, committed 10048K, reserved 1048576K
}
Event: 7.082 GC heap before
{Heap before GC invocations=16 (full 0):
 garbage-first heap   total reserved 4171776K, committed 75776K, used 61384K [0x0000000701600000, 0x0000000800000000)
  region size 2048K, 16 young (32768K), 3 survivors (6144K)
 Metaspace       used 73682K, committed 74496K, reserved 1114112K
  class space    used 9949K, committed 10304K, reserved 1048576K
}
Event: 7.086 GC heap after
{Heap after GC invocations=17 (full 0):
 garbage-first heap   total reserved 4171776K, committed 75776K, used 36600K [0x0000000701600000, 0x0000000800000000)
  region size 2048K, 2 young (4096K), 2 survivors (4096K)
 Metaspace       used 73682K, committed 74496K, reserved 1114112K
  class space    used 9949K, committed 10304K, reserved 1048576K
}
Event: 7.371 GC heap before
{Heap before GC invocations=18 (full 0):
 garbage-first heap   total reserved 4171776K, committed 75776K, used 63224K [0x0000000701600000, 0x0000000800000000)
  region size 2048K, 15 young (30720K), 2 survivors (4096K)
 Metaspace       used 74619K, committed 75456K, reserved 1114112K
  class space    used 10131K, committed 10496K, reserved 1048576K
}
Event: 7.374 GC heap after
{Heap after GC invocations=19 (full 0):
 garbage-first heap   total reserved 4171776K, committed 75776K, used 38520K [0x0000000701600000, 0x0000000800000000)
  region size 2048K, 2 young (4096K), 2 survivors (4096K)
 Metaspace       used 74619K, committed 75456K, reserved 1114112K
  class space    used 10131K, committed 10496K, reserved 1048576K
}
Event: 9.872 GC heap before
{Heap before GC invocations=19 (full 0):
 garbage-first heap   total reserved 4171776K, committed 75776K, used 63096K [0x0000000701600000, 0x0000000800000000)
  region size 2048K, 15 young (30720K), 2 survivors (4096K)
 Metaspace       used 76741K, committed 77568K, reserved 1179648K
  class space    used 10470K, committed 10816K, reserved 1048576K
}
Event: 9.877 GC heap after
{Heap after GC invocations=20 (full 0):
 garbage-first heap   total reserved 4171776K, committed 92160K, used 39457K [0x0000000701600000, 0x0000000800000000)
  region size 2048K, 1 young (2048K), 1 survivors (2048K)
 Metaspace       used 76741K, committed 77568K, reserved 1179648K
  class space    used 10470K, committed 10816K, reserved 1048576K
}
Event: 15.551 GC heap before
{Heap before GC invocations=20 (full 0):
 garbage-first heap   total reserved 4171776K, committed 92160K, used 80417K [0x0000000701600000, 0x0000000800000000)
  region size 2048K, 22 young (45056K), 1 survivors (2048K)
 Metaspace       used 77315K, committed 78144K, reserved 1179648K
  class space    used 10525K, committed 10880K, reserved 1048576K
}
Event: 15.554 GC heap after
{Heap after GC invocations=21 (full 0):
 garbage-first heap   total reserved 4171776K, committed 92160K, used 40063K [0x0000000701600000, 0x0000000800000000)
  region size 2048K, 2 young (4096K), 2 survivors (4096K)
 Metaspace       used 77315K, committed 78144K, reserved 1179648K
  class space    used 10525K, committed 10880K, reserved 1048576K
}
Event: 22.132 GC heap before
{Heap before GC invocations=22 (full 0):
 garbage-first heap   total reserved 4171776K, committed 92160K, used 76927K [0x0000000701600000, 0x0000000800000000)
  region size 2048K, 21 young (43008K), 2 survivors (4096K)
 Metaspace       used 81374K, committed 82240K, reserved 1179648K
  class space    used 11097K, committed 11456K, reserved 1048576K
}
Event: 22.135 GC heap after
{Heap after GC invocations=23 (full 0):
 garbage-first heap   total reserved 4171776K, committed 92160K, used 40337K [0x0000000701600000, 0x0000000800000000)
  region size 2048K, 2 young (4096K), 2 survivors (4096K)
 Metaspace       used 81374K, committed 82240K, reserved 1179648K
  class space    used 11097K, committed 11456K, reserved 1048576K
}
Event: 30.496 GC heap before
{Heap before GC invocations=23 (full 0):
 garbage-first heap   total reserved 4171776K, committed 92160K, used 77201K [0x0000000701600000, 0x0000000800000000)
  region size 2048K, 21 young (43008K), 2 survivors (4096K)
 Metaspace       used 84873K, committed 85824K, reserved 1179648K
  class space    used 11529K, committed 11968K, reserved 1048576K
}
Event: 30.501 GC heap after
{Heap after GC invocations=24 (full 0):
 garbage-first heap   total reserved 4171776K, committed 92160K, used 42878K [0x0000000701600000, 0x0000000800000000)
  region size 2048K, 3 young (6144K), 3 survivors (6144K)
 Metaspace       used 84873K, committed 85824K, reserved 1179648K
  class space    used 11529K, committed 11968K, reserved 1048576K
}
Event: 40.493 GC heap before
{Heap before GC invocations=24 (full 0):
 garbage-first heap   total reserved 4171776K, committed 92160K, used 75646K [0x0000000701600000, 0x0000000800000000)
  region size 2048K, 20 young (40960K), 3 survivors (6144K)
 Metaspace       used 84931K, committed 85888K, reserved 1179648K
  class space    used 11531K, committed 11968K, reserved 1048576K
}
Event: 40.496 GC heap after
{Heap after GC invocations=25 (full 0):
 garbage-first heap   total reserved 4171776K, committed 92160K, used 43295K [0x0000000701600000, 0x0000000800000000)
  region size 2048K, 1 young (2048K), 1 survivors (2048K)
 Metaspace       used 84931K, committed 85888K, reserved 1179648K
  class space    used 11531K, committed 11968K, reserved 1048576K
}

